2023-10-03T09:51:27.118+05:30  INFO 11355 --- [restartedMain] c.alacriti.Gateway.GatewayApplication    : Starting GatewayApplication using Java 17.0.8.1 with PID 11355 (/home/suryaa/Documents/Gateway/target/classes started by suryaa in /home/suryaa/Documents/Gateway)
2023-10-03T09:51:27.119+05:30 DEBUG 11355 --- [restartedMain] c.alacriti.Gateway.GatewayApplication    : Running with Spring Boot v3.1.3, Spring v6.0.11
2023-10-03T09:51:27.120+05:30  INFO 11355 --- [restartedMain] c.alacriti.Gateway.GatewayApplication    : No active profile set, falling back to 1 default profile: "default"
2023-10-03T09:51:27.146+05:30  INFO 11355 --- [restartedMain] .e.DevToolsPropertyDefaultsPostProcessor : Devtools property defaults active! Set 'spring.devtools.add-properties' to 'false' to disable
2023-10-03T09:51:27.146+05:30  INFO 11355 --- [restartedMain] .e.DevToolsPropertyDefaultsPostProcessor : For additional web related logging consider setting the 'logging.level.web' property to 'DEBUG'
2023-10-03T09:51:27.486+05:30  INFO 11355 --- [restartedMain] .s.d.r.c.RepositoryConfigurationDelegate : Bootstrapping Spring Data JDBC repositories in DEFAULT mode.
2023-10-03T09:51:27.499+05:30  INFO 11355 --- [restartedMain] .s.d.r.c.RepositoryConfigurationDelegate : Finished Spring Data repository scanning in 10 ms. Found 0 JDBC repository interfaces.
2023-10-03T09:51:27.778+05:30  INFO 11355 --- [restartedMain] o.s.b.w.embedded.tomcat.TomcatWebServer  : Tomcat initialized with port(s): 8081 (http)
2023-10-03T09:51:27.788+05:30  INFO 11355 --- [restartedMain] o.apache.catalina.core.StandardService   : Starting service [Tomcat]
2023-10-03T09:51:27.788+05:30  INFO 11355 --- [restartedMain] o.apache.catalina.core.StandardEngine    : Starting Servlet engine: [Apache Tomcat/10.1.12]
2023-10-03T09:51:27.821+05:30  INFO 11355 --- [restartedMain] o.a.c.c.C.[Tomcat].[localhost].[/]       : Initializing Spring embedded WebApplicationContext
2023-10-03T09:51:27.822+05:30  INFO 11355 --- [restartedMain] w.s.c.ServletWebServerApplicationContext : Root WebApplicationContext: initialization completed in 675 ms
2023-10-03T09:51:28.062+05:30  INFO 11355 --- [restartedMain] com.zaxxer.hikari.HikariDataSource       : HikariPool-1 - Starting...
2023-10-03T09:51:28.253+05:30  INFO 11355 --- [restartedMain] com.zaxxer.hikari.pool.HikariPool        : HikariPool-1 - Added connection com.mysql.cj.jdbc.ConnectionImpl@71ad645c
2023-10-03T09:51:28.254+05:30  INFO 11355 --- [restartedMain] com.zaxxer.hikari.HikariDataSource       : HikariPool-1 - Start completed.
2023-10-03T09:51:28.315+05:30  INFO 11355 --- [restartedMain] o.s.b.d.a.OptionalLiveReloadServer       : LiveReload server is running on port 35729
2023-10-03T09:51:28.333+05:30  INFO 11355 --- [restartedMain] o.s.b.w.embedded.tomcat.TomcatWebServer  : Tomcat started on port(s): 8081 (http) with context path ''
2023-10-03T09:51:28.340+05:30  INFO 11355 --- [restartedMain] c.alacriti.Gateway.GatewayApplication    : Started GatewayApplication in 1.43 seconds (process running for 1.901)
2023-10-03T09:52:38.811+05:30  INFO 11355 --- [File Watcher] rtingClassPathChangeChangedEventListener : Restarting due to 1 class path change (0 additions, 0 deletions, 1 modification)
2023-10-03T09:52:40.819+05:30  WARN 11355 --- [Thread-5] org.apache.tomcat.util.net.NioEndpoint   : Failed to unlock acceptor for [http-nio-8081] because the local address was not available
2023-10-03T09:52:40.819+05:30  INFO 11355 --- [Thread-5] o.apache.catalina.core.StandardService   : Stopping service [Tomcat]
2023-10-03T09:52:40.819+05:30 ERROR 11355 --- [http-nio-8081-Acceptor] org.apache.tomcat.util.net.Acceptor      : Socket accept failed

java.nio.channels.AsynchronousCloseException: null
	at java.base/java.nio.channels.spi.AbstractInterruptibleChannel.end(AbstractInterruptibleChannel.java:202) ~[na:na]
	at java.base/sun.nio.ch.ServerSocketChannelImpl.end(ServerSocketChannelImpl.java:376) ~[na:na]
	at java.base/sun.nio.ch.ServerSocketChannelImpl.accept(ServerSocketChannelImpl.java:399) ~[na:na]
	at org.apache.tomcat.util.net.NioEndpoint.serverSocketAccept(NioEndpoint.java:521) ~[tomcat-embed-core-10.1.12.jar:10.1.12]
	at org.apache.tomcat.util.net.NioEndpoint.serverSocketAccept(NioEndpoint.java:79) ~[tomcat-embed-core-10.1.12.jar:10.1.12]
	at org.apache.tomcat.util.net.Acceptor.run(Acceptor.java:128) ~[tomcat-embed-core-10.1.12.jar:10.1.12]
	at java.base/java.lang.Thread.run(Thread.java:833) ~[na:na]

2023-10-03T09:52:40.828+05:30  INFO 11355 --- [Thread-5] com.zaxxer.hikari.HikariDataSource       : HikariPool-1 - Shutdown initiated...
2023-10-03T09:52:40.834+05:30  INFO 11355 --- [Thread-5] com.zaxxer.hikari.HikariDataSource       : HikariPool-1 - Shutdown completed.
2023-10-03T09:53:41.639+05:30  INFO 11355 --- [restartedMain] c.alacriti.Gateway.GatewayApplication    : Starting GatewayApplication using Java 17.0.8.1 with PID 11355 (/home/suryaa/Documents/Gateway/target/classes started by suryaa in /home/suryaa/Documents/Gateway)
2023-10-03T09:53:41.640+05:30 DEBUG 11355 --- [restartedMain] c.alacriti.Gateway.GatewayApplication    : Running with Spring Boot v3.1.3, Spring v6.0.11
2023-10-03T09:53:41.640+05:30  INFO 11355 --- [restartedMain] c.alacriti.Gateway.GatewayApplication    : No active profile set, falling back to 1 default profile: "default"
2023-10-03T09:53:41.694+05:30  INFO 11355 --- [restartedMain] .s.d.r.c.RepositoryConfigurationDelegate : Bootstrapping Spring Data JDBC repositories in DEFAULT mode.
2023-10-03T09:53:41.696+05:30  INFO 11355 --- [restartedMain] .s.d.r.c.RepositoryConfigurationDelegate : Finished Spring Data repository scanning in 1 ms. Found 0 JDBC repository interfaces.
2023-10-03T09:53:41.731+05:30  INFO 11355 --- [restartedMain] o.s.b.w.embedded.tomcat.TomcatWebServer  : Tomcat initialized with port(s): 8081 (http)
2023-10-03T09:53:41.731+05:30  INFO 11355 --- [restartedMain] o.apache.catalina.core.StandardService   : Starting service [Tomcat]
2023-10-03T09:53:41.732+05:30  INFO 11355 --- [restartedMain] o.apache.catalina.core.StandardEngine    : Starting Servlet engine: [Apache Tomcat/10.1.12]
2023-10-03T09:53:41.734+05:30  INFO 11355 --- [restartedMain] o.a.c.c.C.[Tomcat].[localhost].[/]       : Initializing Spring embedded WebApplicationContext
2023-10-03T09:53:41.734+05:30  INFO 11355 --- [restartedMain] w.s.c.ServletWebServerApplicationContext : Root WebApplicationContext: initialization completed in 93 ms
2023-10-03T09:53:41.815+05:30  INFO 11355 --- [restartedMain] com.zaxxer.hikari.HikariDataSource       : HikariPool-3 - Starting...
2023-10-03T09:53:41.825+05:30  INFO 11355 --- [restartedMain] com.zaxxer.hikari.pool.HikariPool        : HikariPool-3 - Added connection com.mysql.cj.jdbc.ConnectionImpl@541fd63d
2023-10-03T09:53:41.825+05:30  INFO 11355 --- [restartedMain] com.zaxxer.hikari.HikariDataSource       : HikariPool-3 - Start completed.
2023-10-03T09:53:41.835+05:30  INFO 11355 --- [restartedMain] o.s.b.d.a.OptionalLiveReloadServer       : LiveReload server is running on port 35729
2023-10-03T09:53:41.841+05:30  INFO 11355 --- [restartedMain] o.s.b.w.embedded.tomcat.TomcatWebServer  : Tomcat started on port(s): 8081 (http) with context path ''
2023-10-03T09:53:41.844+05:30  INFO 11355 --- [restartedMain] c.alacriti.Gateway.GatewayApplication    : Started GatewayApplication in 0.217 seconds (process running for 135.405)
2023-10-03T09:53:41.845+05:30  INFO 11355 --- [restartedMain] .ConditionEvaluationDeltaLoggingListener : Condition evaluation unchanged
2023-10-03T09:54:30.920+05:30  INFO 11355 --- [http-nio-8081-exec-1] o.a.c.c.C.[Tomcat].[localhost].[/]       : Initializing Spring DispatcherServlet 'dispatcherServlet'
2023-10-03T09:54:30.924+05:30  INFO 11355 --- [http-nio-8081-exec-1] o.s.web.servlet.DispatcherServlet        : Initializing Servlet 'dispatcherServlet'
2023-10-03T09:54:30.927+05:30  INFO 11355 --- [http-nio-8081-exec-1] o.s.web.servlet.DispatcherServlet        : Completed initialization in 1 ms
2023-10-03T09:54:30.985+05:30  INFO 11355 --- [http-nio-8081-exec-1] c.a.G.Controller.GatewayController       : Received a payment request for merchant: 3
2023-10-03T10:55:01.648+05:30  INFO 11355 --- [File Watcher] rtingClassPathChangeChangedEventListener : Restarting due to 1 class path change (0 additions, 0 deletions, 1 modification)
2023-10-03T10:55:03.653+05:30  WARN 11355 --- [Thread-11] org.apache.tomcat.util.net.NioEndpoint   : Failed to unlock acceptor for [http-nio-8081] because the local address was not available
2023-10-03T10:55:03.653+05:30  INFO 11355 --- [Thread-11] o.apache.catalina.core.StandardService   : Stopping service [Tomcat]
2023-10-03T10:55:03.653+05:30 ERROR 11355 --- [http-nio-8081-Acceptor] org.apache.tomcat.util.net.Acceptor      : Socket accept failed

java.nio.channels.AsynchronousCloseException: null
	at java.base/java.nio.channels.spi.AbstractInterruptibleChannel.end(AbstractInterruptibleChannel.java:202) ~[na:na]
	at java.base/sun.nio.ch.ServerSocketChannelImpl.end(ServerSocketChannelImpl.java:376) ~[na:na]
	at java.base/sun.nio.ch.ServerSocketChannelImpl.accept(ServerSocketChannelImpl.java:399) ~[na:na]
	at org.apache.tomcat.util.net.NioEndpoint.serverSocketAccept(NioEndpoint.java:521) ~[tomcat-embed-core-10.1.12.jar:10.1.12]
	at org.apache.tomcat.util.net.NioEndpoint.serverSocketAccept(NioEndpoint.java:79) ~[tomcat-embed-core-10.1.12.jar:10.1.12]
	at org.apache.tomcat.util.net.Acceptor.run(Acceptor.java:128) ~[tomcat-embed-core-10.1.12.jar:10.1.12]
	at java.base/java.lang.Thread.run(Thread.java:833) ~[na:na]

2023-10-03T10:55:03.654+05:30  INFO 11355 --- [Thread-11] o.a.c.c.C.[Tomcat].[localhost].[/]       : Destroying Spring FrameworkServlet 'dispatcherServlet'
2023-10-03T10:55:03.658+05:30  INFO 11355 --- [Thread-11] com.zaxxer.hikari.HikariDataSource       : HikariPool-3 - Shutdown initiated...
2023-10-03T10:55:03.661+05:30  INFO 11355 --- [Thread-11] com.zaxxer.hikari.HikariDataSource       : HikariPool-3 - Shutdown completed.
2023-10-03T10:55:03.765+05:30  INFO 11355 --- [restartedMain] .s.d.r.c.RepositoryConfigurationDelegate : Bootstrapping Spring Data JDBC repositories in DEFAULT mode.
2023-10-03T10:55:03.766+05:30  INFO 11355 --- [restartedMain] .s.d.r.c.RepositoryConfigurationDelegate : Finished Spring Data repository scanning in 1 ms. Found 0 JDBC repository interfaces.
2023-10-03T10:55:03.800+05:30  INFO 11355 --- [restartedMain] o.s.b.w.embedded.tomcat.TomcatWebServer  : Tomcat initialized with port(s): 8081 (http)
2023-10-03T10:55:03.800+05:30  INFO 11355 --- [restartedMain] o.apache.catalina.core.StandardService   : Starting service [Tomcat]
2023-10-03T10:55:03.801+05:30  INFO 11355 --- [restartedMain] o.apache.catalina.core.StandardEngine    : Starting Servlet engine: [Apache Tomcat/10.1.12]
2023-10-03T10:55:03.803+05:30  INFO 11355 --- [restartedMain] o.a.c.c.C.[Tomcat].[localhost].[/]       : Initializing Spring embedded WebApplicationContext
2023-10-03T10:55:03.803+05:30  INFO 11355 --- [restartedMain] w.s.c.ServletWebServerApplicationContext : Root WebApplicationContext: initialization completed in 93 ms
2023-10-03T10:55:03.866+05:30  INFO 11355 --- [restartedMain] com.zaxxer.hikari.HikariDataSource       : HikariPool-4 - Starting...
2023-10-03T10:55:03.874+05:30  INFO 11355 --- [restartedMain] com.zaxxer.hikari.pool.HikariPool        : HikariPool-4 - Added connection com.mysql.cj.jdbc.ConnectionImpl@699ef562
2023-10-03T10:55:03.874+05:30  INFO 11355 --- [restartedMain] com.zaxxer.hikari.HikariDataSource       : HikariPool-4 - Start completed.
2023-10-03T10:55:03.885+05:30  INFO 11355 --- [restartedMain] o.s.b.d.a.OptionalLiveReloadServer       : LiveReload server is running on port 35729
2023-10-03T10:55:03.890+05:30  INFO 11355 --- [restartedMain] o.s.b.w.embedded.tomcat.TomcatWebServer  : Tomcat started on port(s): 8081 (http) with context path ''
2023-10-03T10:55:03.893+05:30  INFO 11355 --- [restartedMain] .ConditionEvaluationDeltaLoggingListener : Condition evaluation unchanged
2023-10-03T10:55:28.813+05:30  INFO 11355 --- [RMI TCP Connection(66)-127.0.0.1] inMXBeanRegistrar$SpringApplicationAdmin : Application shutdown requested.
2023-10-03T10:55:30.817+05:30  WARN 11355 --- [RMI TCP Connection(66)-127.0.0.1] org.apache.tomcat.util.net.NioEndpoint   : Failed to unlock acceptor for [http-nio-8081] because the local address was not available
2023-10-03T10:55:30.818+05:30  INFO 11355 --- [RMI TCP Connection(66)-127.0.0.1] o.apache.catalina.core.StandardService   : Stopping service [Tomcat]
2023-10-03T10:55:30.817+05:30 ERROR 11355 --- [http-nio-8081-Acceptor] org.apache.tomcat.util.net.Acceptor      : Socket accept failed

java.nio.channels.AsynchronousCloseException: null
	at java.base/java.nio.channels.spi.AbstractInterruptibleChannel.end(AbstractInterruptibleChannel.java:202) ~[na:na]
	at java.base/sun.nio.ch.ServerSocketChannelImpl.end(ServerSocketChannelImpl.java:376) ~[na:na]
	at java.base/sun.nio.ch.ServerSocketChannelImpl.accept(ServerSocketChannelImpl.java:399) ~[na:na]
	at org.apache.tomcat.util.net.NioEndpoint.serverSocketAccept(NioEndpoint.java:521) ~[tomcat-embed-core-10.1.12.jar:10.1.12]
	at org.apache.tomcat.util.net.NioEndpoint.serverSocketAccept(NioEndpoint.java:79) ~[tomcat-embed-core-10.1.12.jar:10.1.12]
	at org.apache.tomcat.util.net.Acceptor.run(Acceptor.java:128) ~[tomcat-embed-core-10.1.12.jar:10.1.12]
	at java.base/java.lang.Thread.run(Thread.java:833) ~[na:na]

2023-10-03T10:55:30.824+05:30  INFO 11355 --- [RMI TCP Connection(66)-127.0.0.1] com.zaxxer.hikari.HikariDataSource       : HikariPool-4 - Shutdown initiated...
2023-10-03T10:55:30.830+05:30  INFO 11355 --- [RMI TCP Connection(66)-127.0.0.1] com.zaxxer.hikari.HikariDataSource       : HikariPool-4 - Shutdown completed.
2023-10-03T10:55:44.769+05:30  INFO 14033 --- [restartedMain] .e.DevToolsPropertyDefaultsPostProcessor : Devtools property defaults active! Set 'spring.devtools.add-properties' to 'false' to disable
2023-10-03T10:55:44.770+05:30  INFO 14033 --- [restartedMain] .e.DevToolsPropertyDefaultsPostProcessor : For additional web related logging consider setting the 'logging.level.web' property to 'DEBUG'
2023-10-03T10:55:45.064+05:30  INFO 14033 --- [restartedMain] .s.d.r.c.RepositoryConfigurationDelegate : Bootstrapping Spring Data JDBC repositories in DEFAULT mode.
2023-10-03T10:55:45.077+05:30  INFO 14033 --- [restartedMain] .s.d.r.c.RepositoryConfigurationDelegate : Finished Spring Data repository scanning in 10 ms. Found 0 JDBC repository interfaces.
2023-10-03T10:55:45.346+05:30  INFO 14033 --- [restartedMain] o.s.b.w.embedded.tomcat.TomcatWebServer  : Tomcat initialized with port(s): 8081 (http)
2023-10-03T10:55:45.352+05:30  INFO 14033 --- [restartedMain] o.apache.catalina.core.StandardService   : Starting service [Tomcat]
2023-10-03T10:55:45.352+05:30  INFO 14033 --- [restartedMain] o.apache.catalina.core.StandardEngine    : Starting Servlet engine: [Apache Tomcat/10.1.12]
2023-10-03T10:55:45.387+05:30  INFO 14033 --- [restartedMain] o.a.c.c.C.[Tomcat].[localhost].[/]       : Initializing Spring embedded WebApplicationContext
2023-10-03T10:55:45.387+05:30  INFO 14033 --- [restartedMain] w.s.c.ServletWebServerApplicationContext : Root WebApplicationContext: initialization completed in 616 ms
2023-10-03T10:55:45.641+05:30  INFO 14033 --- [restartedMain] com.zaxxer.hikari.HikariDataSource       : HikariPool-1 - Starting...
2023-10-03T10:55:45.829+05:30  INFO 14033 --- [restartedMain] com.zaxxer.hikari.pool.HikariPool        : HikariPool-1 - Added connection com.mysql.cj.jdbc.ConnectionImpl@4fd91482
2023-10-03T10:55:45.830+05:30  INFO 14033 --- [restartedMain] com.zaxxer.hikari.HikariDataSource       : HikariPool-1 - Start completed.
2023-10-03T10:55:45.894+05:30  INFO 14033 --- [restartedMain] o.s.b.d.a.OptionalLiveReloadServer       : LiveReload server is running on port 35729
2023-10-03T10:55:45.914+05:30  INFO 14033 --- [restartedMain] o.s.b.w.embedded.tomcat.TomcatWebServer  : Tomcat started on port(s): 8081 (http) with context path ''
2023-10-03T10:56:01.647+05:30  INFO 14033 --- [http-nio-8081-exec-1] o.a.c.c.C.[Tomcat].[localhost].[/]       : Initializing Spring DispatcherServlet 'dispatcherServlet'
2023-10-03T10:56:01.647+05:30  INFO 14033 --- [http-nio-8081-exec-1] o.s.web.servlet.DispatcherServlet        : Initializing Servlet 'dispatcherServlet'
2023-10-03T10:56:01.649+05:30  INFO 14033 --- [http-nio-8081-exec-1] o.s.web.servlet.DispatcherServlet        : Completed initialization in 1 ms
2023-10-03T10:56:29.352+05:30  INFO 14033 --- [File Watcher] rtingClassPathChangeChangedEventListener : Restarting due to 1 class path change (0 additions, 0 deletions, 1 modification)
2023-10-03T10:56:31.362+05:30  WARN 14033 --- [Thread-5] org.apache.tomcat.util.net.NioEndpoint   : Failed to unlock acceptor for [http-nio-8081] because the local address was not available
2023-10-03T10:56:31.362+05:30  INFO 14033 --- [Thread-5] o.apache.catalina.core.StandardService   : Stopping service [Tomcat]
2023-10-03T10:56:31.364+05:30  INFO 14033 --- [Thread-5] o.a.c.c.C.[Tomcat].[localhost].[/]       : Destroying Spring FrameworkServlet 'dispatcherServlet'
2023-10-03T10:56:31.362+05:30 ERROR 14033 --- [http-nio-8081-Acceptor] org.apache.tomcat.util.net.Acceptor      : Socket accept failed

java.nio.channels.AsynchronousCloseException: null
	at java.base/java.nio.channels.spi.AbstractInterruptibleChannel.end(AbstractInterruptibleChannel.java:202) ~[na:na]
	at java.base/sun.nio.ch.ServerSocketChannelImpl.end(ServerSocketChannelImpl.java:376) ~[na:na]
	at java.base/sun.nio.ch.ServerSocketChannelImpl.accept(ServerSocketChannelImpl.java:399) ~[na:na]
	at org.apache.tomcat.util.net.NioEndpoint.serverSocketAccept(NioEndpoint.java:521) ~[tomcat-embed-core-10.1.12.jar:10.1.12]
	at org.apache.tomcat.util.net.NioEndpoint.serverSocketAccept(NioEndpoint.java:79) ~[tomcat-embed-core-10.1.12.jar:10.1.12]
	at org.apache.tomcat.util.net.Acceptor.run(Acceptor.java:128) ~[tomcat-embed-core-10.1.12.jar:10.1.12]
	at java.base/java.lang.Thread.run(Thread.java:833) ~[na:na]

2023-10-03T10:56:31.377+05:30  INFO 14033 --- [Thread-5] com.zaxxer.hikari.HikariDataSource       : HikariPool-1 - Shutdown initiated...
2023-10-03T10:56:31.384+05:30  INFO 14033 --- [Thread-5] com.zaxxer.hikari.HikariDataSource       : HikariPool-1 - Shutdown completed.
2023-10-03T10:56:31.422+05:30  INFO 14033 --- [restartedMain] c.alacriti.Gateway.GatewayApplication    : Starting GatewayApplication using Java 17.0.8.1 with PID 14033 (/home/suryaa/Documents/Gateway/target/classes started by suryaa in /home/suryaa/Documents/Gateway)
2023-10-03T10:56:31.422+05:30 DEBUG 14033 --- [restartedMain] c.alacriti.Gateway.GatewayApplication    : Running with Spring Boot v3.1.3, Spring v6.0.11
2023-10-03T10:56:31.423+05:30  INFO 14033 --- [restartedMain] c.alacriti.Gateway.GatewayApplication    : No active profile set, falling back to 1 default profile: "default"
2023-10-03T10:56:31.498+05:30  INFO 14033 --- [restartedMain] .s.d.r.c.RepositoryConfigurationDelegate : Bootstrapping Spring Data JDBC repositories in DEFAULT mode.
2023-10-03T10:56:31.500+05:30  INFO 14033 --- [restartedMain] .s.d.r.c.RepositoryConfigurationDelegate : Finished Spring Data repository scanning in 1 ms. Found 0 JDBC repository interfaces.
2023-10-03T10:56:31.542+05:30  INFO 14033 --- [restartedMain] o.s.b.w.embedded.tomcat.TomcatWebServer  : Tomcat initialized with port(s): 8081 (http)
2023-10-03T10:56:31.542+05:30  INFO 14033 --- [restartedMain] o.apache.catalina.core.StandardService   : Starting service [Tomcat]
2023-10-03T10:56:31.542+05:30  INFO 14033 --- [restartedMain] o.apache.catalina.core.StandardEngine    : Starting Servlet engine: [Apache Tomcat/10.1.12]
2023-10-03T10:56:31.546+05:30  INFO 14033 --- [restartedMain] o.a.c.c.C.[Tomcat].[localhost].[/]       : Initializing Spring embedded WebApplicationContext
2023-10-03T10:56:31.546+05:30  INFO 14033 --- [restartedMain] w.s.c.ServletWebServerApplicationContext : Root WebApplicationContext: initialization completed in 122 ms
2023-10-03T10:56:31.625+05:30  INFO 14033 --- [restartedMain] com.zaxxer.hikari.HikariDataSource       : HikariPool-2 - Starting...
2023-10-03T10:56:31.635+05:30  INFO 14033 --- [restartedMain] com.zaxxer.hikari.pool.HikariPool        : HikariPool-2 - Added connection com.mysql.cj.jdbc.ConnectionImpl@43afa447
2023-10-03T10:56:31.635+05:30  INFO 14033 --- [restartedMain] com.zaxxer.hikari.HikariDataSource       : HikariPool-2 - Start completed.
2023-10-03T10:56:31.645+05:30  INFO 14033 --- [restartedMain] o.s.b.d.a.OptionalLiveReloadServer       : LiveReload server is running on port 35729
2023-10-03T10:56:31.651+05:30  INFO 14033 --- [restartedMain] o.s.b.w.embedded.tomcat.TomcatWebServer  : Tomcat started on port(s): 8081 (http) with context path ''
2023-10-03T10:56:31.654+05:30  INFO 14033 --- [restartedMain] c.alacriti.Gateway.GatewayApplication    : Started GatewayApplication in 0.247 seconds (process running for 47.479)
2023-10-03T10:56:31.655+05:30  INFO 14033 --- [restartedMain] .ConditionEvaluationDeltaLoggingListener : Condition evaluation unchanged
2023-10-03T10:56:41.803+05:30  INFO 14033 --- [http-nio-8081-exec-1] o.a.c.c.C.[Tomcat].[localhost].[/]       : Initializing Spring DispatcherServlet 'dispatcherServlet'
2023-10-03T10:56:41.804+05:30  INFO 14033 --- [http-nio-8081-exec-1] o.s.web.servlet.DispatcherServlet        : Initializing Servlet 'dispatcherServlet'
2023-10-03T10:56:41.805+05:30  INFO 14033 --- [http-nio-8081-exec-1] o.s.web.servlet.DispatcherServlet        : Completed initialization in 1 ms
2023-10-03T10:56:41.808+05:30  INFO 14033 --- [http-nio-8081-exec-1] c.a.G.Controller.GatewayController       : Received a payment request for merchant: 3
2023-10-03T10:57:01.578+05:30  INFO 14033 --- [http-nio-8081-exec-2] c.a.G.Controller.GatewayController       : Received a payment request for merchant: 3
2023-10-03T10:57:01.581+05:30 ERROR 14033 --- [http-nio-8081-exec-2] c.a.G.Controller.GatewayController       : Error occurred while processing payment: Card Details Invalid Or Not Found
2023-10-03T10:57:01.583+05:30  WARN 14033 --- [http-nio-8081-exec-2] .m.m.a.ExceptionHandlerExceptionResolver : Resolved [com.alacriti.Gateway.exception.InvalidCardDetailsException: Card Details Invalid Or Not Found]
2023-10-03T10:59:43.271+05:30  INFO 14033 --- [File Watcher] rtingClassPathChangeChangedEventListener : Restarting due to 1 class path change (0 additions, 0 deletions, 1 modification)
2023-10-03T10:59:45.276+05:30  WARN 14033 --- [Thread-7] org.apache.tomcat.util.net.NioEndpoint   : Failed to unlock acceptor for [http-nio-8081] because the local address was not available
2023-10-03T10:59:45.276+05:30 ERROR 14033 --- [http-nio-8081-Acceptor] org.apache.tomcat.util.net.Acceptor      : Socket accept failed

java.nio.channels.AsynchronousCloseException: null
	at java.base/java.nio.channels.spi.AbstractInterruptibleChannel.end(AbstractInterruptibleChannel.java:202) ~[na:na]
	at java.base/sun.nio.ch.ServerSocketChannelImpl.end(ServerSocketChannelImpl.java:376) ~[na:na]
	at java.base/sun.nio.ch.ServerSocketChannelImpl.accept(ServerSocketChannelImpl.java:399) ~[na:na]
	at org.apache.tomcat.util.net.NioEndpoint.serverSocketAccept(NioEndpoint.java:521) ~[tomcat-embed-core-10.1.12.jar:10.1.12]
	at org.apache.tomcat.util.net.NioEndpoint.serverSocketAccept(NioEndpoint.java:79) ~[tomcat-embed-core-10.1.12.jar:10.1.12]
	at org.apache.tomcat.util.net.Acceptor.run(Acceptor.java:128) ~[tomcat-embed-core-10.1.12.jar:10.1.12]
	at java.base/java.lang.Thread.run(Thread.java:833) ~[na:na]

2023-10-03T10:59:45.277+05:30  INFO 14033 --- [Thread-7] o.apache.catalina.core.StandardService   : Stopping service [Tomcat]
2023-10-03T10:59:45.277+05:30  INFO 14033 --- [Thread-7] o.a.c.c.C.[Tomcat].[localhost].[/]       : Destroying Spring FrameworkServlet 'dispatcherServlet'
2023-10-03T10:59:45.284+05:30  INFO 14033 --- [Thread-7] com.zaxxer.hikari.HikariDataSource       : HikariPool-2 - Shutdown initiated...
2023-10-03T10:59:45.291+05:30  INFO 14033 --- [Thread-7] com.zaxxer.hikari.HikariDataSource       : HikariPool-2 - Shutdown completed.
2023-10-03T10:59:45.329+05:30  INFO 14033 --- [restartedMain] c.alacriti.Gateway.GatewayApplication    : Starting GatewayApplication using Java 17.0.8.1 with PID 14033 (/home/suryaa/Documents/Gateway/target/classes started by suryaa in /home/suryaa/Documents/Gateway)
2023-10-03T10:59:45.329+05:30 DEBUG 14033 --- [restartedMain] c.alacriti.Gateway.GatewayApplication    : Running with Spring Boot v3.1.3, Spring v6.0.11
2023-10-03T10:59:45.329+05:30  INFO 14033 --- [restartedMain] c.alacriti.Gateway.GatewayApplication    : No active profile set, falling back to 1 default profile: "default"
2023-10-03T10:59:45.386+05:30  INFO 14033 --- [restartedMain] .s.d.r.c.RepositoryConfigurationDelegate : Bootstrapping Spring Data JDBC repositories in DEFAULT mode.
2023-10-03T10:59:45.388+05:30  INFO 14033 --- [restartedMain] .s.d.r.c.RepositoryConfigurationDelegate : Finished Spring Data repository scanning in 1 ms. Found 0 JDBC repository interfaces.
2023-10-03T10:59:45.425+05:30  INFO 14033 --- [restartedMain] o.s.b.w.embedded.tomcat.TomcatWebServer  : Tomcat initialized with port(s): 8081 (http)
2023-10-03T10:59:45.426+05:30  INFO 14033 --- [restartedMain] o.apache.catalina.core.StandardService   : Starting service [Tomcat]
2023-10-03T10:59:45.426+05:30  INFO 14033 --- [restartedMain] o.apache.catalina.core.StandardEngine    : Starting Servlet engine: [Apache Tomcat/10.1.12]
2023-10-03T10:59:45.429+05:30  INFO 14033 --- [restartedMain] o.a.c.c.C.[Tomcat].[localhost].[/]       : Initializing Spring embedded WebApplicationContext
2023-10-03T10:59:45.429+05:30  INFO 14033 --- [restartedMain] w.s.c.ServletWebServerApplicationContext : Root WebApplicationContext: initialization completed in 99 ms
2023-10-03T10:59:45.495+05:30  INFO 14033 --- [restartedMain] com.zaxxer.hikari.HikariDataSource       : HikariPool-3 - Starting...
2023-10-03T10:59:45.504+05:30  INFO 14033 --- [restartedMain] com.zaxxer.hikari.pool.HikariPool        : HikariPool-3 - Added connection com.mysql.cj.jdbc.ConnectionImpl@1c923ac1
2023-10-03T10:59:45.505+05:30  INFO 14033 --- [restartedMain] com.zaxxer.hikari.HikariDataSource       : HikariPool-3 - Start completed.
2023-10-03T10:59:45.515+05:30  INFO 14033 --- [restartedMain] o.s.b.d.a.OptionalLiveReloadServer       : LiveReload server is running on port 35729
2023-10-03T10:59:45.521+05:30  INFO 14033 --- [restartedMain] o.s.b.w.embedded.tomcat.TomcatWebServer  : Tomcat started on port(s): 8081 (http) with context path ''
2023-10-03T10:59:45.523+05:30  INFO 14033 --- [restartedMain] c.alacriti.Gateway.GatewayApplication    : Started GatewayApplication in 0.206 seconds (process running for 241.349)
2023-10-03T10:59:45.524+05:30  INFO 14033 --- [restartedMain] .ConditionEvaluationDeltaLoggingListener : Condition evaluation unchanged
2023-10-03T11:00:01.937+05:30  INFO 14033 --- [File Watcher] rtingClassPathChangeChangedEventListener : Restarting due to 1 class path change (0 additions, 0 deletions, 1 modification)
2023-10-03T11:00:03.942+05:30  WARN 14033 --- [Thread-11] org.apache.tomcat.util.net.NioEndpoint   : Failed to unlock acceptor for [http-nio-8081] because the local address was not available
2023-10-03T11:00:03.942+05:30  INFO 14033 --- [Thread-11] o.apache.catalina.core.StandardService   : Stopping service [Tomcat]
2023-10-03T11:00:03.942+05:30 ERROR 14033 --- [http-nio-8081-Acceptor] org.apache.tomcat.util.net.Acceptor      : Socket accept failed

java.nio.channels.AsynchronousCloseException: null
	at java.base/java.nio.channels.spi.AbstractInterruptibleChannel.end(AbstractInterruptibleChannel.java:202) ~[na:na]
	at java.base/sun.nio.ch.ServerSocketChannelImpl.end(ServerSocketChannelImpl.java:376) ~[na:na]
	at java.base/sun.nio.ch.ServerSocketChannelImpl.accept(ServerSocketChannelImpl.java:399) ~[na:na]
	at org.apache.tomcat.util.net.NioEndpoint.serverSocketAccept(NioEndpoint.java:521) ~[tomcat-embed-core-10.1.12.jar:10.1.12]
	at org.apache.tomcat.util.net.NioEndpoint.serverSocketAccept(NioEndpoint.java:79) ~[tomcat-embed-core-10.1.12.jar:10.1.12]
	at org.apache.tomcat.util.net.Acceptor.run(Acceptor.java:128) ~[tomcat-embed-core-10.1.12.jar:10.1.12]
	at java.base/java.lang.Thread.run(Thread.java:833) ~[na:na]

2023-10-03T11:00:03.945+05:30  INFO 14033 --- [Thread-11] com.zaxxer.hikari.HikariDataSource       : HikariPool-3 - Shutdown initiated...
2023-10-03T11:00:03.949+05:30  INFO 14033 --- [Thread-11] com.zaxxer.hikari.HikariDataSource       : HikariPool-3 - Shutdown completed.
2023-10-03T11:00:03.999+05:30  INFO 14033 --- [restartedMain] c.alacriti.Gateway.GatewayApplication    : Starting GatewayApplication using Java 17.0.8.1 with PID 14033 (/home/suryaa/Documents/Gateway/target/classes started by suryaa in /home/suryaa/Documents/Gateway)
2023-10-03T11:00:03.999+05:30 DEBUG 14033 --- [restartedMain] c.alacriti.Gateway.GatewayApplication    : Running with Spring Boot v3.1.3, Spring v6.0.11
2023-10-03T11:00:03.999+05:30  INFO 14033 --- [restartedMain] c.alacriti.Gateway.GatewayApplication    : No active profile set, falling back to 1 default profile: "default"
2023-10-03T11:00:04.054+05:30  INFO 14033 --- [restartedMain] .s.d.r.c.RepositoryConfigurationDelegate : Bootstrapping Spring Data JDBC repositories in DEFAULT mode.
2023-10-03T11:00:04.056+05:30  INFO 14033 --- [restartedMain] .s.d.r.c.RepositoryConfigurationDelegate : Finished Spring Data repository scanning in 1 ms. Found 0 JDBC repository interfaces.
2023-10-03T11:00:04.097+05:30  INFO 14033 --- [restartedMain] o.s.b.w.embedded.tomcat.TomcatWebServer  : Tomcat initialized with port(s): 8081 (http)
2023-10-03T11:00:04.098+05:30  INFO 14033 --- [restartedMain] o.apache.catalina.core.StandardService   : Starting service [Tomcat]
2023-10-03T11:00:04.098+05:30  INFO 14033 --- [restartedMain] o.apache.catalina.core.StandardEngine    : Starting Servlet engine: [Apache Tomcat/10.1.12]
2023-10-03T11:00:04.101+05:30  INFO 14033 --- [restartedMain] o.a.c.c.C.[Tomcat].[localhost].[/]       : Initializing Spring embedded WebApplicationContext
2023-10-03T11:00:04.102+05:30  INFO 14033 --- [restartedMain] w.s.c.ServletWebServerApplicationContext : Root WebApplicationContext: initialization completed in 101 ms
2023-10-03T11:00:04.168+05:30  INFO 14033 --- [restartedMain] com.zaxxer.hikari.HikariDataSource       : HikariPool-4 - Starting...
2023-10-03T11:00:04.176+05:30  INFO 14033 --- [restartedMain] com.zaxxer.hikari.pool.HikariPool        : HikariPool-4 - Added connection com.mysql.cj.jdbc.ConnectionImpl@3bbe68db
2023-10-03T11:00:04.177+05:30  INFO 14033 --- [restartedMain] com.zaxxer.hikari.HikariDataSource       : HikariPool-4 - Start completed.
2023-10-03T11:00:04.186+05:30  INFO 14033 --- [restartedMain] o.s.b.d.a.OptionalLiveReloadServer       : LiveReload server is running on port 35729
2023-10-03T11:00:04.191+05:30  INFO 14033 --- [restartedMain] o.s.b.w.embedded.tomcat.TomcatWebServer  : Tomcat started on port(s): 8081 (http) with context path ''
2023-10-03T11:00:04.194+05:30  INFO 14033 --- [restartedMain] c.alacriti.Gateway.GatewayApplication    : Started GatewayApplication in 0.206 seconds (process running for 260.019)
2023-10-03T11:00:04.195+05:30  INFO 14033 --- [restartedMain] .ConditionEvaluationDeltaLoggingListener : Condition evaluation unchanged
2023-10-03T11:00:23.611+05:30  INFO 14033 --- [File Watcher] rtingClassPathChangeChangedEventListener : Restarting due to 1 class path change (0 additions, 0 deletions, 1 modification)
2023-10-03T11:00:25.616+05:30  WARN 14033 --- [Thread-15] org.apache.tomcat.util.net.NioEndpoint   : Failed to unlock acceptor for [http-nio-8081] because the local address was not available
2023-10-03T11:00:25.616+05:30  INFO 14033 --- [Thread-15] o.apache.catalina.core.StandardService   : Stopping service [Tomcat]
2023-10-03T11:00:25.616+05:30 ERROR 14033 --- [http-nio-8081-Acceptor] org.apache.tomcat.util.net.Acceptor      : Socket accept failed

java.nio.channels.AsynchronousCloseException: null
	at java.base/java.nio.channels.spi.AbstractInterruptibleChannel.end(AbstractInterruptibleChannel.java:202) ~[na:na]
	at java.base/sun.nio.ch.ServerSocketChannelImpl.end(ServerSocketChannelImpl.java:376) ~[na:na]
	at java.base/sun.nio.ch.ServerSocketChannelImpl.accept(ServerSocketChannelImpl.java:399) ~[na:na]
	at org.apache.tomcat.util.net.NioEndpoint.serverSocketAccept(NioEndpoint.java:521) ~[tomcat-embed-core-10.1.12.jar:10.1.12]
	at org.apache.tomcat.util.net.NioEndpoint.serverSocketAccept(NioEndpoint.java:79) ~[tomcat-embed-core-10.1.12.jar:10.1.12]
	at org.apache.tomcat.util.net.Acceptor.run(Acceptor.java:128) ~[tomcat-embed-core-10.1.12.jar:10.1.12]
	at java.base/java.lang.Thread.run(Thread.java:833) ~[na:na]

2023-10-03T11:00:25.620+05:30  INFO 14033 --- [Thread-15] com.zaxxer.hikari.HikariDataSource       : HikariPool-4 - Shutdown initiated...
2023-10-03T11:00:25.622+05:30  INFO 14033 --- [Thread-15] com.zaxxer.hikari.HikariDataSource       : HikariPool-4 - Shutdown completed.
2023-10-03T11:00:25.666+05:30  INFO 14033 --- [restartedMain] c.alacriti.Gateway.GatewayApplication    : Starting GatewayApplication using Java 17.0.8.1 with PID 14033 (/home/suryaa/Documents/Gateway/target/classes started by suryaa in /home/suryaa/Documents/Gateway)
2023-10-03T11:00:25.666+05:30 DEBUG 14033 --- [restartedMain] c.alacriti.Gateway.GatewayApplication    : Running with Spring Boot v3.1.3, Spring v6.0.11
2023-10-03T11:00:25.666+05:30  INFO 14033 --- [restartedMain] c.alacriti.Gateway.GatewayApplication    : No active profile set, falling back to 1 default profile: "default"
2023-10-03T11:00:25.711+05:30  INFO 14033 --- [restartedMain] .s.d.r.c.RepositoryConfigurationDelegate : Bootstrapping Spring Data JDBC repositories in DEFAULT mode.
2023-10-03T11:00:25.712+05:30  INFO 14033 --- [restartedMain] .s.d.r.c.RepositoryConfigurationDelegate : Finished Spring Data repository scanning in 1 ms. Found 0 JDBC repository interfaces.
2023-10-03T11:00:25.741+05:30  INFO 14033 --- [restartedMain] o.s.b.w.embedded.tomcat.TomcatWebServer  : Tomcat initialized with port(s): 8081 (http)
2023-10-03T11:00:25.742+05:30  INFO 14033 --- [restartedMain] o.apache.catalina.core.StandardService   : Starting service [Tomcat]
2023-10-03T11:00:25.742+05:30  INFO 14033 --- [restartedMain] o.apache.catalina.core.StandardEngine    : Starting Servlet engine: [Apache Tomcat/10.1.12]
2023-10-03T11:00:25.744+05:30  INFO 14033 --- [restartedMain] o.a.c.c.C.[Tomcat].[localhost].[/]       : Initializing Spring embedded WebApplicationContext
2023-10-03T11:00:25.745+05:30  INFO 14033 --- [restartedMain] w.s.c.ServletWebServerApplicationContext : Root WebApplicationContext: initialization completed in 78 ms
2023-10-03T11:00:25.802+05:30  INFO 14033 --- [restartedMain] com.zaxxer.hikari.HikariDataSource       : HikariPool-5 - Starting...
2023-10-03T11:00:25.811+05:30  INFO 14033 --- [restartedMain] com.zaxxer.hikari.pool.HikariPool        : HikariPool-5 - Added connection com.mysql.cj.jdbc.ConnectionImpl@29f54c3e
2023-10-03T11:00:25.811+05:30  INFO 14033 --- [restartedMain] com.zaxxer.hikari.HikariDataSource       : HikariPool-5 - Start completed.
2023-10-03T11:00:25.823+05:30  INFO 14033 --- [restartedMain] o.s.b.d.a.OptionalLiveReloadServer       : LiveReload server is running on port 35729
2023-10-03T11:00:25.827+05:30  INFO 14033 --- [restartedMain] o.s.b.w.embedded.tomcat.TomcatWebServer  : Tomcat started on port(s): 8081 (http) with context path ''
2023-10-03T11:00:25.830+05:30  INFO 14033 --- [restartedMain] c.alacriti.Gateway.GatewayApplication    : Started GatewayApplication in 0.174 seconds (process running for 281.656)
2023-10-03T11:00:25.831+05:30  INFO 14033 --- [restartedMain] .ConditionEvaluationDeltaLoggingListener : Condition evaluation unchanged
2023-10-03T11:00:33.658+05:30  INFO 14033 --- [RMI TCP Connection(8)-127.0.0.1] inMXBeanRegistrar$SpringApplicationAdmin : Application shutdown requested.
2023-10-03T11:00:35.661+05:30  WARN 14033 --- [RMI TCP Connection(8)-127.0.0.1] org.apache.tomcat.util.net.NioEndpoint   : Failed to unlock acceptor for [http-nio-8081] because the local address was not available
2023-10-03T11:00:35.661+05:30 ERROR 14033 --- [http-nio-8081-Acceptor] org.apache.tomcat.util.net.Acceptor      : Socket accept failed

java.nio.channels.AsynchronousCloseException: null
	at java.base/java.nio.channels.spi.AbstractInterruptibleChannel.end(AbstractInterruptibleChannel.java:202) ~[na:na]
	at java.base/sun.nio.ch.ServerSocketChannelImpl.end(ServerSocketChannelImpl.java:376) ~[na:na]
	at java.base/sun.nio.ch.ServerSocketChannelImpl.accept(ServerSocketChannelImpl.java:399) ~[na:na]
	at org.apache.tomcat.util.net.NioEndpoint.serverSocketAccept(NioEndpoint.java:521) ~[tomcat-embed-core-10.1.12.jar:10.1.12]
	at org.apache.tomcat.util.net.NioEndpoint.serverSocketAccept(NioEndpoint.java:79) ~[tomcat-embed-core-10.1.12.jar:10.1.12]
	at org.apache.tomcat.util.net.Acceptor.run(Acceptor.java:128) ~[tomcat-embed-core-10.1.12.jar:10.1.12]
	at java.base/java.lang.Thread.run(Thread.java:833) ~[na:na]

2023-10-03T11:00:35.662+05:30  INFO 14033 --- [RMI TCP Connection(8)-127.0.0.1] o.apache.catalina.core.StandardService   : Stopping service [Tomcat]
2023-10-03T11:00:35.667+05:30  INFO 14033 --- [RMI TCP Connection(8)-127.0.0.1] com.zaxxer.hikari.HikariDataSource       : HikariPool-5 - Shutdown initiated...
2023-10-03T11:00:35.674+05:30  INFO 14033 --- [RMI TCP Connection(8)-127.0.0.1] com.zaxxer.hikari.HikariDataSource       : HikariPool-5 - Shutdown completed.
2023-10-03T11:00:36.794+05:30  INFO 14569 --- [restartedMain] c.alacriti.Gateway.GatewayApplication    : Starting GatewayApplication using Java 17.0.8.1 with PID 14569 (/home/suryaa/Documents/Gateway/target/classes started by suryaa in /home/suryaa/Documents/Gateway)
2023-10-03T11:00:36.795+05:30 DEBUG 14569 --- [restartedMain] c.alacriti.Gateway.GatewayApplication    : Running with Spring Boot v3.1.3, Spring v6.0.11
2023-10-03T11:00:36.797+05:30  INFO 14569 --- [restartedMain] c.alacriti.Gateway.GatewayApplication    : No active profile set, falling back to 1 default profile: "default"
2023-10-03T11:00:36.824+05:30  INFO 14569 --- [restartedMain] .e.DevToolsPropertyDefaultsPostProcessor : Devtools property defaults active! Set 'spring.devtools.add-properties' to 'false' to disable
2023-10-03T11:00:36.824+05:30  INFO 14569 --- [restartedMain] .e.DevToolsPropertyDefaultsPostProcessor : For additional web related logging consider setting the 'logging.level.web' property to 'DEBUG'
2023-10-03T11:00:37.118+05:30  INFO 14569 --- [restartedMain] .s.d.r.c.RepositoryConfigurationDelegate : Bootstrapping Spring Data JDBC repositories in DEFAULT mode.
2023-10-03T11:00:37.131+05:30  INFO 14569 --- [restartedMain] .s.d.r.c.RepositoryConfigurationDelegate : Finished Spring Data repository scanning in 9 ms. Found 0 JDBC repository interfaces.
2023-10-03T11:00:37.393+05:30  INFO 14569 --- [restartedMain] o.s.b.w.embedded.tomcat.TomcatWebServer  : Tomcat initialized with port(s): 8081 (http)
2023-10-03T11:00:37.399+05:30  INFO 14569 --- [restartedMain] o.apache.catalina.core.StandardService   : Starting service [Tomcat]
2023-10-03T11:00:37.399+05:30  INFO 14569 --- [restartedMain] o.apache.catalina.core.StandardEngine    : Starting Servlet engine: [Apache Tomcat/10.1.12]
2023-10-03T11:00:37.431+05:30  INFO 14569 --- [restartedMain] o.a.c.c.C.[Tomcat].[localhost].[/]       : Initializing Spring embedded WebApplicationContext
2023-10-03T11:00:37.431+05:30  INFO 14569 --- [restartedMain] w.s.c.ServletWebServerApplicationContext : Root WebApplicationContext: initialization completed in 606 ms
2023-10-03T11:00:37.665+05:30  INFO 14569 --- [restartedMain] com.zaxxer.hikari.HikariDataSource       : HikariPool-1 - Starting...
2023-10-03T11:00:37.850+05:30  INFO 14569 --- [restartedMain] com.zaxxer.hikari.pool.HikariPool        : HikariPool-1 - Added connection com.mysql.cj.jdbc.ConnectionImpl@1a3a661
2023-10-03T11:00:37.852+05:30  INFO 14569 --- [restartedMain] com.zaxxer.hikari.HikariDataSource       : HikariPool-1 - Start completed.
2023-10-03T11:00:37.918+05:30  INFO 14569 --- [restartedMain] o.s.b.d.a.OptionalLiveReloadServer       : LiveReload server is running on port 35729
2023-10-03T11:00:37.938+05:30  INFO 14569 --- [restartedMain] o.s.b.w.embedded.tomcat.TomcatWebServer  : Tomcat started on port(s): 8081 (http) with context path ''
2023-10-03T11:00:37.945+05:30  INFO 14569 --- [restartedMain] c.alacriti.Gateway.GatewayApplication    : Started GatewayApplication in 1.375 seconds (process running for 1.793)
2023-10-03T11:00:59.479+05:30  INFO 14569 --- [RMI TCP Connection(2)-127.0.0.1] inMXBeanRegistrar$SpringApplicationAdmin : Application shutdown requested.
2023-10-03T11:01:01.487+05:30  WARN 14569 --- [RMI TCP Connection(2)-127.0.0.1] org.apache.tomcat.util.net.NioEndpoint   : Failed to unlock acceptor for [http-nio-8081] because the local address was not available
2023-10-03T11:01:01.487+05:30  INFO 14569 --- [RMI TCP Connection(2)-127.0.0.1] o.apache.catalina.core.StandardService   : Stopping service [Tomcat]
2023-10-03T11:01:01.487+05:30 ERROR 14569 --- [http-nio-8081-Acceptor] org.apache.tomcat.util.net.Acceptor      : Socket accept failed

java.nio.channels.AsynchronousCloseException: null
	at java.base/java.nio.channels.spi.AbstractInterruptibleChannel.end(AbstractInterruptibleChannel.java:202) ~[na:na]
	at java.base/sun.nio.ch.ServerSocketChannelImpl.end(ServerSocketChannelImpl.java:376) ~[na:na]
	at java.base/sun.nio.ch.ServerSocketChannelImpl.accept(ServerSocketChannelImpl.java:399) ~[na:na]
	at org.apache.tomcat.util.net.NioEndpoint.serverSocketAccept(NioEndpoint.java:521) ~[tomcat-embed-core-10.1.12.jar:10.1.12]
	at org.apache.tomcat.util.net.NioEndpoint.serverSocketAccept(NioEndpoint.java:79) ~[tomcat-embed-core-10.1.12.jar:10.1.12]
	at org.apache.tomcat.util.net.Acceptor.run(Acceptor.java:128) ~[tomcat-embed-core-10.1.12.jar:10.1.12]
	at java.base/java.lang.Thread.run(Thread.java:833) ~[na:na]

2023-10-03T11:01:01.504+05:30  INFO 14569 --- [RMI TCP Connection(2)-127.0.0.1] com.zaxxer.hikari.HikariDataSource       : HikariPool-1 - Shutdown initiated...
2023-10-03T11:01:01.510+05:30  INFO 14569 --- [RMI TCP Connection(2)-127.0.0.1] com.zaxxer.hikari.HikariDataSource       : HikariPool-1 - Shutdown completed.
2023-10-03T11:01:02.653+05:30  INFO 14652 --- [restartedMain] c.alacriti.Gateway.GatewayApplication    : Starting GatewayApplication using Java 17.0.8.1 with PID 14652 (/home/suryaa/Documents/Gateway/target/classes started by suryaa in /home/suryaa/Documents/Gateway)
2023-10-03T11:01:02.654+05:30 DEBUG 14652 --- [restartedMain] c.alacriti.Gateway.GatewayApplication    : Running with Spring Boot v3.1.3, Spring v6.0.11
2023-10-03T11:01:02.655+05:30  INFO 14652 --- [restartedMain] c.alacriti.Gateway.GatewayApplication    : No active profile set, falling back to 1 default profile: "default"
2023-10-03T11:01:02.685+05:30  INFO 14652 --- [restartedMain] .e.DevToolsPropertyDefaultsPostProcessor : Devtools property defaults active! Set 'spring.devtools.add-properties' to 'false' to disable
2023-10-03T11:01:02.685+05:30  INFO 14652 --- [restartedMain] .e.DevToolsPropertyDefaultsPostProcessor : For additional web related logging consider setting the 'logging.level.web' property to 'DEBUG'
2023-10-03T11:01:03.017+05:30  INFO 14652 --- [restartedMain] .s.d.r.c.RepositoryConfigurationDelegate : Bootstrapping Spring Data JDBC repositories in DEFAULT mode.
2023-10-03T11:01:03.030+05:30  INFO 14652 --- [restartedMain] .s.d.r.c.RepositoryConfigurationDelegate : Finished Spring Data repository scanning in 9 ms. Found 0 JDBC repository interfaces.
2023-10-03T11:01:03.356+05:30  INFO 14652 --- [restartedMain] o.s.b.w.embedded.tomcat.TomcatWebServer  : Tomcat initialized with port(s): 8081 (http)
2023-10-03T11:01:03.366+05:30  INFO 14652 --- [restartedMain] o.apache.catalina.core.StandardService   : Starting service [Tomcat]
2023-10-03T11:01:03.367+05:30  INFO 14652 --- [restartedMain] o.apache.catalina.core.StandardEngine    : Starting Servlet engine: [Apache Tomcat/10.1.12]
2023-10-03T11:01:03.399+05:30  INFO 14652 --- [restartedMain] o.a.c.c.C.[Tomcat].[localhost].[/]       : Initializing Spring embedded WebApplicationContext
2023-10-03T11:01:03.399+05:30  INFO 14652 --- [restartedMain] w.s.c.ServletWebServerApplicationContext : Root WebApplicationContext: initialization completed in 714 ms
2023-10-03T11:01:03.638+05:30  INFO 14652 --- [restartedMain] com.zaxxer.hikari.HikariDataSource       : HikariPool-1 - Starting...
2023-10-03T11:01:03.829+05:30  INFO 14652 --- [restartedMain] com.zaxxer.hikari.pool.HikariPool        : HikariPool-1 - Added connection com.mysql.cj.jdbc.ConnectionImpl@51921ad8
2023-10-03T11:01:03.830+05:30  INFO 14652 --- [restartedMain] com.zaxxer.hikari.HikariDataSource       : HikariPool-1 - Start completed.
2023-10-03T11:01:03.892+05:30  INFO 14652 --- [restartedMain] o.s.b.d.a.OptionalLiveReloadServer       : LiveReload server is running on port 35729
2023-10-03T11:01:03.911+05:30  INFO 14652 --- [restartedMain] o.s.b.w.embedded.tomcat.TomcatWebServer  : Tomcat started on port(s): 8081 (http) with context path ''
2023-10-03T11:01:03.917+05:30  INFO 14652 --- [restartedMain] c.alacriti.Gateway.GatewayApplication    : Started GatewayApplication in 1.486 seconds (process running for 1.933)
2023-10-03T11:06:53.409+05:30  INFO 14652 --- [RMI TCP Connection(9)-127.0.0.1] inMXBeanRegistrar$SpringApplicationAdmin : Application shutdown requested.
2023-10-03T11:06:55.415+05:30  WARN 14652 --- [RMI TCP Connection(9)-127.0.0.1] org.apache.tomcat.util.net.NioEndpoint   : Failed to unlock acceptor for [http-nio-8081] because the local address was not available
2023-10-03T11:06:55.415+05:30  INFO 14652 --- [RMI TCP Connection(9)-127.0.0.1] o.apache.catalina.core.StandardService   : Stopping service [Tomcat]
2023-10-03T11:06:55.415+05:30 ERROR 14652 --- [http-nio-8081-Acceptor] org.apache.tomcat.util.net.Acceptor      : Socket accept failed

java.nio.channels.AsynchronousCloseException: null
	at java.base/java.nio.channels.spi.AbstractInterruptibleChannel.end(AbstractInterruptibleChannel.java:202) ~[na:na]
	at java.base/sun.nio.ch.ServerSocketChannelImpl.end(ServerSocketChannelImpl.java:376) ~[na:na]
	at java.base/sun.nio.ch.ServerSocketChannelImpl.accept(ServerSocketChannelImpl.java:399) ~[na:na]
	at org.apache.tomcat.util.net.NioEndpoint.serverSocketAccept(NioEndpoint.java:521) ~[tomcat-embed-core-10.1.12.jar:10.1.12]
	at org.apache.tomcat.util.net.NioEndpoint.serverSocketAccept(NioEndpoint.java:79) ~[tomcat-embed-core-10.1.12.jar:10.1.12]
	at org.apache.tomcat.util.net.Acceptor.run(Acceptor.java:128) ~[tomcat-embed-core-10.1.12.jar:10.1.12]
	at java.base/java.lang.Thread.run(Thread.java:833) ~[na:na]

2023-10-03T11:06:55.428+05:30  INFO 14652 --- [RMI TCP Connection(9)-127.0.0.1] com.zaxxer.hikari.HikariDataSource       : HikariPool-1 - Shutdown initiated...
2023-10-03T11:06:55.436+05:30  INFO 14652 --- [RMI TCP Connection(9)-127.0.0.1] com.zaxxer.hikari.HikariDataSource       : HikariPool-1 - Shutdown completed.
2023-10-03T11:06:56.535+05:30  INFO 14956 --- [restartedMain] c.alacriti.Gateway.GatewayApplication    : Starting GatewayApplication using Java 17.0.8.1 with PID 14956 (/home/suryaa/Documents/Gateway/target/classes started by suryaa in /home/suryaa/Documents/Gateway)
2023-10-03T11:06:56.536+05:30 DEBUG 14956 --- [restartedMain] c.alacriti.Gateway.GatewayApplication    : Running with Spring Boot v3.1.3, Spring v6.0.11
2023-10-03T11:06:56.537+05:30  INFO 14956 --- [restartedMain] c.alacriti.Gateway.GatewayApplication    : No active profile set, falling back to 1 default profile: "default"
2023-10-03T11:06:56.564+05:30  INFO 14956 --- [restartedMain] .e.DevToolsPropertyDefaultsPostProcessor : Devtools property defaults active! Set 'spring.devtools.add-properties' to 'false' to disable
2023-10-03T11:06:56.565+05:30  INFO 14956 --- [restartedMain] .e.DevToolsPropertyDefaultsPostProcessor : For additional web related logging consider setting the 'logging.level.web' property to 'DEBUG'
2023-10-03T11:06:56.887+05:30  INFO 14956 --- [restartedMain] .s.d.r.c.RepositoryConfigurationDelegate : Bootstrapping Spring Data JDBC repositories in DEFAULT mode.
2023-10-03T11:06:56.899+05:30  INFO 14956 --- [restartedMain] .s.d.r.c.RepositoryConfigurationDelegate : Finished Spring Data repository scanning in 9 ms. Found 0 JDBC repository interfaces.
2023-10-03T11:06:57.183+05:30  INFO 14956 --- [restartedMain] o.s.b.w.embedded.tomcat.TomcatWebServer  : Tomcat initialized with port(s): 8081 (http)
2023-10-03T11:06:57.190+05:30  INFO 14956 --- [restartedMain] o.apache.catalina.core.StandardService   : Starting service [Tomcat]
2023-10-03T11:06:57.190+05:30  INFO 14956 --- [restartedMain] o.apache.catalina.core.StandardEngine    : Starting Servlet engine: [Apache Tomcat/10.1.12]
2023-10-03T11:06:57.225+05:30  INFO 14956 --- [restartedMain] o.a.c.c.C.[Tomcat].[localhost].[/]       : Initializing Spring embedded WebApplicationContext
2023-10-03T11:06:57.225+05:30  INFO 14956 --- [restartedMain] w.s.c.ServletWebServerApplicationContext : Root WebApplicationContext: initialization completed in 660 ms
2023-10-03T11:06:57.477+05:30  INFO 14956 --- [restartedMain] com.zaxxer.hikari.HikariDataSource       : HikariPool-1 - Starting...
2023-10-03T11:06:57.688+05:30  INFO 14956 --- [restartedMain] com.zaxxer.hikari.pool.HikariPool        : HikariPool-1 - Added connection com.mysql.cj.jdbc.ConnectionImpl@51921ad8
2023-10-03T11:06:57.690+05:30  INFO 14956 --- [restartedMain] com.zaxxer.hikari.HikariDataSource       : HikariPool-1 - Start completed.
2023-10-03T11:06:57.755+05:30  INFO 14956 --- [restartedMain] o.s.b.d.a.OptionalLiveReloadServer       : LiveReload server is running on port 35729
2023-10-03T11:06:57.772+05:30  INFO 14956 --- [restartedMain] o.s.b.w.embedded.tomcat.TomcatWebServer  : Tomcat started on port(s): 8081 (http) with context path ''
2023-10-03T11:06:57.780+05:30  INFO 14956 --- [restartedMain] c.alacriti.Gateway.GatewayApplication    : Started GatewayApplication in 1.46 seconds (process running for 1.885)
2023-10-03T11:24:16.446+05:30  INFO 14956 --- [File Watcher] rtingClassPathChangeChangedEventListener : Restarting due to 1 class path change (0 additions, 0 deletions, 1 modification)
2023-10-03T11:24:18.455+05:30  WARN 14956 --- [Thread-5] org.apache.tomcat.util.net.NioEndpoint   : Failed to unlock acceptor for [http-nio-8081] because the local address was not available
2023-10-03T11:24:18.455+05:30  INFO 14956 --- [Thread-5] o.apache.catalina.core.StandardService   : Stopping service [Tomcat]
2023-10-03T11:24:18.455+05:30 ERROR 14956 --- [http-nio-8081-Acceptor] org.apache.tomcat.util.net.Acceptor      : Socket accept failed

java.nio.channels.AsynchronousCloseException: null
	at java.base/java.nio.channels.spi.AbstractInterruptibleChannel.end(AbstractInterruptibleChannel.java:202) ~[na:na]
	at java.base/sun.nio.ch.ServerSocketChannelImpl.end(ServerSocketChannelImpl.java:376) ~[na:na]
	at java.base/sun.nio.ch.ServerSocketChannelImpl.accept(ServerSocketChannelImpl.java:399) ~[na:na]
	at org.apache.tomcat.util.net.NioEndpoint.serverSocketAccept(NioEndpoint.java:521) ~[tomcat-embed-core-10.1.12.jar:10.1.12]
	at org.apache.tomcat.util.net.NioEndpoint.serverSocketAccept(NioEndpoint.java:79) ~[tomcat-embed-core-10.1.12.jar:10.1.12]
	at org.apache.tomcat.util.net.Acceptor.run(Acceptor.java:128) ~[tomcat-embed-core-10.1.12.jar:10.1.12]
	at java.base/java.lang.Thread.run(Thread.java:833) ~[na:na]

2023-10-03T11:24:18.463+05:30  INFO 14956 --- [Thread-5] com.zaxxer.hikari.HikariDataSource       : HikariPool-1 - Shutdown initiated...
2023-10-03T11:24:18.472+05:30  INFO 14956 --- [Thread-5] com.zaxxer.hikari.HikariDataSource       : HikariPool-1 - Shutdown completed.
2023-10-03T11:24:18.518+05:30  INFO 14956 --- [restartedMain] c.alacriti.Gateway.GatewayApplication    : Starting GatewayApplication using Java 17.0.8.1 with PID 14956 (/home/suryaa/Documents/Gateway/target/classes started by suryaa in /home/suryaa/Documents/Gateway)
2023-10-03T11:24:18.518+05:30 DEBUG 14956 --- [restartedMain] c.alacriti.Gateway.GatewayApplication    : Running with Spring Boot v3.1.3, Spring v6.0.11
2023-10-03T11:24:18.519+05:30  INFO 14956 --- [restartedMain] c.alacriti.Gateway.GatewayApplication    : No active profile set, falling back to 1 default profile: "default"
2023-10-03T11:24:18.584+05:30  INFO 14956 --- [restartedMain] .s.d.r.c.RepositoryConfigurationDelegate : Bootstrapping Spring Data JDBC repositories in DEFAULT mode.
2023-10-03T11:24:18.586+05:30  INFO 14956 --- [restartedMain] .s.d.r.c.RepositoryConfigurationDelegate : Finished Spring Data repository scanning in 1 ms. Found 0 JDBC repository interfaces.
2023-10-03T11:24:18.634+05:30  INFO 14956 --- [restartedMain] o.s.b.w.embedded.tomcat.TomcatWebServer  : Tomcat initialized with port(s): 8081 (http)
2023-10-03T11:24:18.635+05:30  INFO 14956 --- [restartedMain] o.apache.catalina.core.StandardService   : Starting service [Tomcat]
2023-10-03T11:24:18.635+05:30  INFO 14956 --- [restartedMain] o.apache.catalina.core.StandardEngine    : Starting Servlet engine: [Apache Tomcat/10.1.12]
2023-10-03T11:24:18.639+05:30  INFO 14956 --- [restartedMain] o.a.c.c.C.[Tomcat].[localhost].[/]       : Initializing Spring embedded WebApplicationContext
2023-10-03T11:24:18.639+05:30  INFO 14956 --- [restartedMain] w.s.c.ServletWebServerApplicationContext : Root WebApplicationContext: initialization completed in 119 ms
2023-10-03T11:24:18.718+05:30  INFO 14956 --- [restartedMain] com.zaxxer.hikari.HikariDataSource       : HikariPool-2 - Starting...
2023-10-03T11:24:18.730+05:30  INFO 14956 --- [restartedMain] com.zaxxer.hikari.pool.HikariPool        : HikariPool-2 - Added connection com.mysql.cj.jdbc.ConnectionImpl@113a6daf
2023-10-03T11:24:18.730+05:30  INFO 14956 --- [restartedMain] com.zaxxer.hikari.HikariDataSource       : HikariPool-2 - Start completed.
2023-10-03T11:24:18.748+05:30  INFO 14956 --- [restartedMain] o.s.b.d.a.OptionalLiveReloadServer       : LiveReload server is running on port 35729
2023-10-03T11:24:18.755+05:30  INFO 14956 --- [restartedMain] o.s.b.w.embedded.tomcat.TomcatWebServer  : Tomcat started on port(s): 8081 (http) with context path ''
2023-10-03T11:24:18.758+05:30  INFO 14956 --- [restartedMain] c.alacriti.Gateway.GatewayApplication    : Started GatewayApplication in 0.255 seconds (process running for 1042.863)
2023-10-03T11:24:18.760+05:30  INFO 14956 --- [restartedMain] .ConditionEvaluationDeltaLoggingListener : Condition evaluation unchanged
2023-10-03T14:51:57.671+05:30  INFO 14956 --- [File Watcher] rtingClassPathChangeChangedEventListener : Restarting due to 24 class path changes (0 additions, 24 deletions, 0 modifications)
2023-10-03T14:51:59.675+05:30  WARN 14956 --- [Thread-7] org.apache.tomcat.util.net.NioEndpoint   : Failed to unlock acceptor for [http-nio-8081] because the local address was not available
2023-10-03T14:51:59.675+05:30  INFO 14956 --- [Thread-7] o.apache.catalina.core.StandardService   : Stopping service [Tomcat]
2023-10-03T14:51:59.675+05:30 ERROR 14956 --- [http-nio-8081-Acceptor] org.apache.tomcat.util.net.Acceptor      : Socket accept failed

java.nio.channels.AsynchronousCloseException: null
	at java.base/java.nio.channels.spi.AbstractInterruptibleChannel.end(AbstractInterruptibleChannel.java:202) ~[na:na]
	at java.base/sun.nio.ch.ServerSocketChannelImpl.end(ServerSocketChannelImpl.java:376) ~[na:na]
	at java.base/sun.nio.ch.ServerSocketChannelImpl.accept(ServerSocketChannelImpl.java:399) ~[na:na]
	at org.apache.tomcat.util.net.NioEndpoint.serverSocketAccept(NioEndpoint.java:521) ~[tomcat-embed-core-10.1.12.jar:10.1.12]
	at org.apache.tomcat.util.net.NioEndpoint.serverSocketAccept(NioEndpoint.java:79) ~[tomcat-embed-core-10.1.12.jar:10.1.12]
	at org.apache.tomcat.util.net.Acceptor.run(Acceptor.java:128) ~[tomcat-embed-core-10.1.12.jar:10.1.12]
	at java.base/java.lang.Thread.run(Thread.java:833) ~[na:na]

2023-10-03T14:51:59.681+05:30  INFO 14956 --- [Thread-7] com.zaxxer.hikari.HikariDataSource       : HikariPool-2 - Shutdown initiated...
2023-10-03T14:51:59.686+05:30  INFO 14956 --- [Thread-7] com.zaxxer.hikari.HikariDataSource       : HikariPool-2 - Shutdown completed.
2023-10-03T14:53:30.112+05:30  INFO 21282 --- [restartedMain] c.alacriti.Gateway.GatewayApplication    : Starting GatewayApplication using Java 17.0.8.1 with PID 21282 (/home/suryaa/Documents/Exercise/Gateway/target/classes started by suryaa in /home/suryaa/Documents/Exercise/Gateway)
2023-10-03T14:53:30.114+05:30 DEBUG 21282 --- [restartedMain] c.alacriti.Gateway.GatewayApplication    : Running with Spring Boot v3.1.3, Spring v6.0.11
2023-10-03T14:53:30.115+05:30  INFO 21282 --- [restartedMain] c.alacriti.Gateway.GatewayApplication    : No active profile set, falling back to 1 default profile: "default"
2023-10-03T14:53:30.141+05:30  INFO 21282 --- [restartedMain] .e.DevToolsPropertyDefaultsPostProcessor : Devtools property defaults active! Set 'spring.devtools.add-properties' to 'false' to disable
2023-10-03T14:53:30.141+05:30  INFO 21282 --- [restartedMain] .e.DevToolsPropertyDefaultsPostProcessor : For additional web related logging consider setting the 'logging.level.web' property to 'DEBUG'
2023-10-03T14:53:30.442+05:30  INFO 21282 --- [restartedMain] .s.d.r.c.RepositoryConfigurationDelegate : Bootstrapping Spring Data JDBC repositories in DEFAULT mode.
2023-10-03T14:53:30.453+05:30  INFO 21282 --- [restartedMain] .s.d.r.c.RepositoryConfigurationDelegate : Finished Spring Data repository scanning in 8 ms. Found 0 JDBC repository interfaces.
2023-10-03T14:53:30.700+05:30  INFO 21282 --- [restartedMain] o.s.b.w.embedded.tomcat.TomcatWebServer  : Tomcat initialized with port(s): 8081 (http)
2023-10-03T14:53:30.706+05:30  INFO 21282 --- [restartedMain] o.apache.catalina.core.StandardService   : Starting service [Tomcat]
2023-10-03T14:53:30.707+05:30  INFO 21282 --- [restartedMain] o.apache.catalina.core.StandardEngine    : Starting Servlet engine: [Apache Tomcat/10.1.12]
2023-10-03T14:53:30.736+05:30  INFO 21282 --- [restartedMain] o.a.c.c.C.[Tomcat].[localhost].[/]       : Initializing Spring embedded WebApplicationContext
2023-10-03T14:53:30.737+05:30  INFO 21282 --- [restartedMain] w.s.c.ServletWebServerApplicationContext : Root WebApplicationContext: initialization completed in 596 ms
2023-10-03T14:53:30.957+05:30  INFO 21282 --- [restartedMain] com.zaxxer.hikari.HikariDataSource       : HikariPool-1 - Starting...
2023-10-03T14:53:31.132+05:30  INFO 21282 --- [restartedMain] com.zaxxer.hikari.pool.HikariPool        : HikariPool-1 - Added connection com.mysql.cj.jdbc.ConnectionImpl@10afb56a
2023-10-03T14:53:31.134+05:30  INFO 21282 --- [restartedMain] com.zaxxer.hikari.HikariDataSource       : HikariPool-1 - Start completed.
2023-10-03T14:53:31.197+05:30  INFO 21282 --- [restartedMain] o.s.b.d.a.OptionalLiveReloadServer       : LiveReload server is running on port 35729
2023-10-03T14:53:31.216+05:30  INFO 21282 --- [restartedMain] o.s.b.w.embedded.tomcat.TomcatWebServer  : Tomcat started on port(s): 8081 (http) with context path ''
2023-10-03T14:53:31.222+05:30  INFO 21282 --- [restartedMain] c.alacriti.Gateway.GatewayApplication    : Started GatewayApplication in 1.299 seconds (process running for 2.446)
2023-10-03T14:54:19.309+05:30  INFO 21282 --- [http-nio-8081-exec-1] o.a.c.c.C.[Tomcat].[localhost].[/]       : Initializing Spring DispatcherServlet 'dispatcherServlet'
2023-10-03T14:54:19.309+05:30  INFO 21282 --- [http-nio-8081-exec-1] o.s.web.servlet.DispatcherServlet        : Initializing Servlet 'dispatcherServlet'
2023-10-03T14:54:19.310+05:30  INFO 21282 --- [http-nio-8081-exec-1] o.s.web.servlet.DispatcherServlet        : Completed initialization in 0 ms
2023-10-03T14:54:19.364+05:30  INFO 21282 --- [http-nio-8081-exec-1] c.a.G.Controller.GatewayController       : Received a merchant registration request for merchant: Dart
2023-10-03T14:54:19.386+05:30 ERROR 21282 --- [http-nio-8081-exec-1] c.a.G.Controller.GatewayController       : Error occurred while registering merchant: Merchant You entered is already Registered with this Email, with merchantId : 74
2023-10-03T14:54:19.404+05:30  WARN 21282 --- [http-nio-8081-exec-1] .m.m.a.ExceptionHandlerExceptionResolver : Resolved [com.alacriti.Gateway.exception.MerchantAlreadyRegisteredException: Merchant You entered is already Registered with this Email, with merchantId : 74]
2023-10-03T14:54:23.734+05:30  INFO 21282 --- [http-nio-8081-exec-2] c.a.G.Controller.GatewayController       : Received a merchant registration request for merchant: roo
2023-10-03T14:54:23.738+05:30 ERROR 21282 --- [http-nio-8081-exec-2] c.a.G.Controller.GatewayController       : Error occurred while registering merchant: Merchant You entered is already Registered with this Email, with merchantId : 2
2023-10-03T14:54:23.739+05:30  WARN 21282 --- [http-nio-8081-exec-2] .m.m.a.ExceptionHandlerExceptionResolver : Resolved [com.alacriti.Gateway.exception.MerchantAlreadyRegisteredException: Merchant You entered is already Registered with this Email, with merchantId : 2]
2023-10-03T14:54:30.980+05:30  INFO 21282 --- [http-nio-8081-exec-3] c.a.G.Controller.GatewayController       : Received a request to retrieve payment details for Payment ID: 1
2023-10-03T14:54:36.523+05:30  INFO 21282 --- [http-nio-8081-exec-4] c.a.G.Controller.GatewayController       : Received a request to fetch payment details for Merchant: bookmyshow
2023-10-03T14:54:36.525+05:30 ERROR 21282 --- [http-nio-8081-exec-4] c.a.G.Controller.GatewayController       : Error occurred while retrieving payment details: No Payments Found
2023-10-03T14:54:36.526+05:30  WARN 21282 --- [http-nio-8081-exec-4] .m.m.a.ExceptionHandlerExceptionResolver : Resolved [com.alacriti.Gateway.exception.PaymentIdNotFoundException: No Payments Found]
2023-10-03T14:54:43.262+05:30  INFO 21282 --- [http-nio-8081-exec-5] c.a.G.Controller.GatewayController       : Received a request to fetch payment details for Merchant: bo
2023-10-03T15:33:29.958+05:30  INFO 21282 --- [http-nio-8081-exec-8] c.a.G.Controller.GatewayController       : Received a payment request for merchant: 2
2023-10-03T15:33:29.970+05:30 ERROR 21282 --- [http-nio-8081-exec-8] c.a.G.Controller.GatewayController       : Error occurred while processing payment: Payment declined due to Insufficient Account Balance. Payment Id :17
2023-10-03T15:33:29.971+05:30  WARN 21282 --- [http-nio-8081-exec-8] .m.m.a.ExceptionHandlerExceptionResolver : Resolved [com.alacriti.Gateway.exception.InsufficientAmountException: Payment declined due to Insufficient Account Balance. Payment Id :17]
2023-10-03T15:37:41.429+05:30  INFO 21282 --- [RMI TCP Connection(46)-127.0.0.1] inMXBeanRegistrar$SpringApplicationAdmin : Application shutdown requested.
2023-10-03T15:37:43.434+05:30  WARN 21282 --- [RMI TCP Connection(46)-127.0.0.1] org.apache.tomcat.util.net.NioEndpoint   : Failed to unlock acceptor for [http-nio-8081] because the local address was not available
2023-10-03T15:37:43.435+05:30  INFO 21282 --- [RMI TCP Connection(46)-127.0.0.1] o.apache.catalina.core.StandardService   : Stopping service [Tomcat]
2023-10-03T15:37:43.437+05:30  INFO 21282 --- [RMI TCP Connection(46)-127.0.0.1] o.a.c.c.C.[Tomcat].[localhost].[/]       : Destroying Spring FrameworkServlet 'dispatcherServlet'
2023-10-03T15:37:43.434+05:30 ERROR 21282 --- [http-nio-8081-Acceptor] org.apache.tomcat.util.net.Acceptor      : Socket accept failed

java.nio.channels.AsynchronousCloseException: null
	at java.base/java.nio.channels.spi.AbstractInterruptibleChannel.end(AbstractInterruptibleChannel.java:202) ~[na:na]
	at java.base/sun.nio.ch.ServerSocketChannelImpl.end(ServerSocketChannelImpl.java:376) ~[na:na]
	at java.base/sun.nio.ch.ServerSocketChannelImpl.accept(ServerSocketChannelImpl.java:399) ~[na:na]
	at org.apache.tomcat.util.net.NioEndpoint.serverSocketAccept(NioEndpoint.java:521) ~[tomcat-embed-core-10.1.12.jar:10.1.12]
	at org.apache.tomcat.util.net.NioEndpoint.serverSocketAccept(NioEndpoint.java:79) ~[tomcat-embed-core-10.1.12.jar:10.1.12]
	at org.apache.tomcat.util.net.Acceptor.run(Acceptor.java:128) ~[tomcat-embed-core-10.1.12.jar:10.1.12]
	at java.base/java.lang.Thread.run(Thread.java:833) ~[na:na]

2023-10-03T15:37:43.444+05:30  INFO 21282 --- [RMI TCP Connection(46)-127.0.0.1] com.zaxxer.hikari.HikariDataSource       : HikariPool-1 - Shutdown initiated...
2023-10-03T15:37:43.448+05:30  INFO 21282 --- [RMI TCP Connection(46)-127.0.0.1] com.zaxxer.hikari.HikariDataSource       : HikariPool-1 - Shutdown completed.
